<?xml version="1.0" encoding="UTF-8"?>
<testng-results ignored="0" total="3" passed="3" failed="0" skipped="0">
  <reporter-output>
    <line>
      <![CDATA[openBrowser]]>
    </line>
    <line>
      <![CDATA[login]]>
    </line>
    <line>
      <![CDATA[Login Successful]]>
    </line>
    <line>
      <![CDATA[logout]]>
    </line>
    <line>
      <![CDATA[login]]>
    </line>
    <line>
      <![CDATA[CreateCustomer]]>
    </line>
    <line>
      <![CDATA[Customer 'HDFC_001' has been created]]>
    </line>
    <line>
      <![CDATA[logout]]>
    </line>
    <line>
      <![CDATA[login]]>
    </line>
    <line>
      <![CDATA[DeleteCustomer]]>
    </line>
    <line>
      <![CDATA[Customer 'HDFC_001' has been deleted]]>
    </line>
    <line>
      <![CDATA[logout]]>
    </line>
    <line>
      <![CDATA[closeBrowser]]>
    </line>
  </reporter-output>
  <suite started-at="2025-05-09T12:18:39 IST" name="Default suite" finished-at="2025-05-09T12:19:07 IST" duration-ms="27644">
    <groups>
    </groups>
    <test started-at="2025-05-09T12:18:39 IST" name="Default test" finished-at="2025-05-09T12:19:07 IST" duration-ms="27644">
      <class name="customermodule.CustomerModule">
        <test-method is-config="true" signature="openBrowser()[pri:0, instance:customermodule.CustomerModule@17a7f733]" started-at="2025-05-09T12:18:39 IST" name="openBrowser" finished-at="2025-05-09T12:18:45 IST" duration-ms="5231" status="PASS">
          <reporter-output>
            <line>
              <![CDATA[openBrowser]]>
            </line>
          </reporter-output>
        </test-method> <!-- openBrowser -->
        <test-method is-config="true" signature="login()[pri:0, instance:customermodule.CustomerModule@17a7f733]" started-at="2025-05-09T12:18:45 IST" name="login" finished-at="2025-05-09T12:18:48 IST" duration-ms="3230" status="PASS">
          <reporter-output>
            <line>
              <![CDATA[login]]>
            </line>
          </reporter-output>
        </test-method> <!-- login -->
        <test-method signature="testLogin()[pri:0, instance:customermodule.CustomerModule@17a7f733]" started-at="2025-05-09T12:18:48 IST" name="testLogin" finished-at="2025-05-09T12:18:48 IST" duration-ms="14" status="PASS">
          <reporter-output>
            <line>
              <![CDATA[Login Successful]]>
            </line>
          </reporter-output>
        </test-method> <!-- testLogin -->
        <test-method is-config="true" signature="logout()[pri:0, instance:customermodule.CustomerModule@17a7f733]" started-at="2025-05-09T12:18:48 IST" name="logout" finished-at="2025-05-09T12:18:50 IST" duration-ms="1916" status="PASS">
          <reporter-output>
            <line>
              <![CDATA[logout]]>
            </line>
          </reporter-output>
        </test-method> <!-- logout -->
        <test-method is-config="true" signature="login()[pri:0, instance:customermodule.CustomerModule@17a7f733]" started-at="2025-05-09T12:18:50 IST" name="login" finished-at="2025-05-09T12:18:50 IST" duration-ms="564" status="PASS">
          <reporter-output>
            <line>
              <![CDATA[login]]>
            </line>
          </reporter-output>
        </test-method> <!-- login -->
        <test-method signature="testCreateCustomer()[pri:1, instance:customermodule.CustomerModule@17a7f733]" started-at="2025-05-09T12:18:50 IST" name="testCreateCustomer" finished-at="2025-05-09T12:18:57 IST" duration-ms="6390" status="PASS">
          <reporter-output>
            <line>
              <![CDATA[CreateCustomer]]>
            </line>
            <line>
              <![CDATA[Customer 'HDFC_001' has been created]]>
            </line>
          </reporter-output>
        </test-method> <!-- testCreateCustomer -->
        <test-method is-config="true" signature="logout()[pri:0, instance:customermodule.CustomerModule@17a7f733]" started-at="2025-05-09T12:18:57 IST" name="logout" finished-at="2025-05-09T12:18:59 IST" duration-ms="2181" status="PASS">
          <reporter-output>
            <line>
              <![CDATA[logout]]>
            </line>
          </reporter-output>
        </test-method> <!-- logout -->
        <test-method is-config="true" signature="login()[pri:0, instance:customermodule.CustomerModule@17a7f733]" started-at="2025-05-09T12:18:59 IST" name="login" finished-at="2025-05-09T12:19:00 IST" duration-ms="579" status="PASS">
          <reporter-output>
            <line>
              <![CDATA[login]]>
            </line>
          </reporter-output>
        </test-method> <!-- login -->
        <test-method signature="testDeleteCustomer()[pri:2, instance:customermodule.CustomerModule@17a7f733]" started-at="2025-05-09T12:19:00 IST" name="testDeleteCustomer" finished-at="2025-05-09T12:19:06 IST" duration-ms="6579" status="PASS">
          <reporter-output>
            <line>
              <![CDATA[DeleteCustomer]]>
            </line>
            <line>
              <![CDATA[Customer 'HDFC_001' has been deleted]]>
            </line>
          </reporter-output>
        </test-method> <!-- testDeleteCustomer -->
        <test-method is-config="true" signature="logout()[pri:0, instance:customermodule.CustomerModule@17a7f733]" started-at="2025-05-09T12:19:06 IST" name="logout" finished-at="2025-05-09T12:19:07 IST" duration-ms="332" status="PASS">
          <reporter-output>
            <line>
              <![CDATA[logout]]>
            </line>
          </reporter-output>
        </test-method> <!-- logout -->
        <test-method is-config="true" signature="closeBrowser()[pri:0, instance:customermodule.CustomerModule@17a7f733]" started-at="2025-05-09T12:19:07 IST" name="closeBrowser" finished-at="2025-05-09T12:19:07 IST" duration-ms="458" status="PASS">
          <reporter-output>
            <line>
              <![CDATA[closeBrowser]]>
            </line>
          </reporter-output>
        </test-method> <!-- closeBrowser -->
      </class> <!-- customermodule.CustomerModule -->
    </test> <!-- Default test -->
  </suite> <!-- Default suite -->
</testng-results>
