<?xml version="1.0" encoding="UTF-8"?>
<!-- Generated by org.testng.reporters.JUnitReportReporter -->
<testsuite hostname="Sanketh" failures="0" tests="3" name="customermodule.CustomerModule" time="21.785" errors="0" timestamp="2025-05-09T12:19:08 IST" skipped="0">
  <testcase classname="customermodule.CustomerModule" name="testLogin" time="2.494">
    <system-out>
      <![CDATA[Login Successful]]>
    </system-out>
  </testcase> <!-- testLogin -->
  <testcase classname="customermodule.CustomerModule" name="testCreateCustomer" time="9.150">
    <system-out>
      <![CDATA[CreateCustomer
Customer 'HDFC_001' has been created]]>
    </system-out>
  </testcase> <!-- testCreateCustomer -->
  <testcase classname="customermodule.CustomerModule" name="testDeleteCustomer" time="10.141">
    <system-out>
      <![CDATA[DeleteCustomer
Customer 'HDFC_001' has been deleted]]>
    </system-out>
  </testcase> <!-- testDeleteCustomer -->
  <system-out>
    <![CDATA[openBrowser
login
Login Successful
logout
login
CreateCustomer
Customer 'HDFC_001' has been created
logout
login
DeleteCustomer
Customer 'HDFC_001' has been deleted
logout
closeBrowser]]>
  </system-out>
</testsuite> <!-- customermodule.CustomerModule -->
