<?xml version="1.0" encoding="UTF-8"?>
<!-- Generated by org.testng.reporters.JUnitReportReporter -->
<testsuite hostname="Sanketh" failures="0" tests="1" name="test.DemoAssertion" time="7.019" errors="0" timestamp="2025-04-22T10:09:11 IST" skipped="0">
  <testcase classname="test.DemoAssertion" name="VerifyTitle" time="7.019">
    <system-out>
      <![CDATA[Title is not matching and fail]]>
    </system-out>
  </testcase> <!-- VerifyTitle -->
  <system-out>
    <![CDATA[Title is not matching and fail]]>
  </system-out>
</testsuite> <!-- test.DemoAssertion -->
