<?xml version="1.0" encoding="UTF-8"?>
<!-- Generated by org.testng.reporters.JUnitReportReporter -->
<testsuite hostname="Sanketh" failures="0" tests="4" name="test.CustomerModule" time="0.020" errors="0" timestamp="2025-04-22T10:28:01 IST" skipped="0">
  <testcase classname="test.CustomerModule" name="deleteCustomer" time="0.009">
    <system-out>
      <![CDATA[deleteCustomer]]>
    </system-out>
  </testcase> <!-- deleteCustomer -->
  <testcase classname="test.CustomerModule" name="editCustomer" time="0.003">
    <system-out>
      <![CDATA[editCustomer]]>
    </system-out>
  </testcase> <!-- editCustomer -->
  <testcase classname="test.CustomerModule" name="createCustomer" time="0.005">
    <system-out>
      <![CDATA[createCustomer]]>
    </system-out>
  </testcase> <!-- createCustomer -->
  <testcase classname="test.CustomerModule" name="createCustomer" time="0.003">
    <system-out>
      <![CDATA[createCustomer]]>
    </system-out>
  </testcase> <!-- createCustomer -->
  <system-out>
    <![CDATA[openBrowser
login
deleteCustomer
logout
login
editCustomer
logout
login
createCustomer
logout
login
createCustomer
logout
closeBrowser]]>
  </system-out>
</testsuite> <!-- test.CustomerModule -->
