<?xml version="1.0" encoding="UTF-8"?>
<!-- Generated by org.testng.reporters.JUnitReportReporter -->
<testsuite hostname="Sanketh" failures="0" tests="5" name="test.T1" time="7.066" errors="0" timestamp="2025-04-22T10:52:02 IST" skipped="0">
  <testcase classname="test.T1" name="createCustomer" time="1.414">
    <system-out>
      <![CDATA[Create Customer]]>
    </system-out>
  </testcase> <!-- createCustomer -->
  <testcase classname="test.T1" name="createCustomer" time="1.270">
    <system-out>
      <![CDATA[Create Customer]]>
    </system-out>
  </testcase> <!-- createCustomer -->
  <testcase classname="test.T1" name="createCustomer" time="1.651">
    <system-out>
      <![CDATA[Create Customer]]>
    </system-out>
  </testcase> <!-- createCustomer -->
  <testcase classname="test.T1" name="modifyCustomer" time="1.301">
    <system-out>
      <![CDATA[Modify Customer]]>
    </system-out>
  </testcase> <!-- modifyCustomer -->
  <testcase classname="test.T1" name="deleteCustomer" time="1.430">
    <system-out>
      <![CDATA[Delete Customer]]>
    </system-out>
  </testcase> <!-- deleteCustomer -->
  <system-out>
    <![CDATA[openBrowser
login
Create Customer
logout
login
Create Customer
logout
login
Create Customer
logout
login
Modify Customer
logout
login
Delete Customer
logout
closeBrowser]]>
  </system-out>
</testsuite> <!-- test.T1 -->
