<?xml version="1.0" encoding="UTF-8"?>
<!-- Generated by org.testng.reporters.JUnitXMLReporter -->
<testsuite ignored="0" hostname="Sanketh" failures="0" tests="3" name="Default test" time="27.644" errors="0" timestamp="2025-05-09T12:19:07 IST">
  <testcase classname="customermodule.CustomerModule" name="testLogin" time="0.014"/>
  <testcase classname="customermodule.CustomerModule" name="testCreateCustomer" time="6.39"/>
  <testcase classname="customermodule.CustomerModule" name="testDeleteCustomer" time="6.579"/>
</testsuite> <!-- Default test -->
