<?xml version="1.0" encoding="UTF-8"?>
<!-- Generated by org.testng.reporters.JUnitXMLReporter -->
<testsuite ignored="0" hostname="Sanketh" failures="0" tests="5" name="Default test(failed)" time="0.155" errors="0" timestamp="2025-04-17T10:56:47 IST">
  <testcase classname="test.T1" name="createCustomer" time="0.015"/>
  <testcase classname="test.T1" name="createCustomer" time="0.003"/>
  <testcase classname="test.T1" name="createCustomer" time="0.004"/>
  <testcase classname="test.T1" name="modifyCustomer" time="0.005"/>
  <testcase classname="test.T1" name="deleteCustomer" time="0.004"/>
</testsuite> <!-- Default test(failed) -->
